<?xml version="1.0" encoding="UTF-8"?>
<!-- Generated by org.testng.reporters.JUnitXMLReporter -->
<testsuite hostname="WKWIN1451159" ignored="0" name="Amazon" tests="1" failures="1" timestamp="21 Nov 2020 05:38:58 GMT" time="20.457" errors="0">
  <testcase name="feature" time="20.08" classname="cucumber.api.testng.AbstractTestNGCucumberTests">
    <failure type="cucumber.runtime.CucumberException" message="java.lang.AssertionError: expected [true] but found [false]">
      <![CDATA[cucumber.runtime.CucumberException: java.lang.AssertionError: expected [true] but found [false]
	at cucumber.api.testng.TestNGCucumberRunner.runCucumber(TestNGCucumberRunner.java:69)
	at cucumber.api.testng.AbstractTestNGCucumberTests.feature(AbstractTestNGCucumberTests.java:21)
	at java.util.concurrent.FutureTask.run(FutureTask.java:266)
	at java.util.concurrent.ThreadPoolExecutor.runWorker(ThreadPoolExecutor.java:1149)
	at java.util.concurrent.ThreadPoolExecutor$Worker.run(ThreadPoolExecutor.java:624)
	at java.lang.Thread.run(Thread.java:748)
Caused by: java.lang.AssertionError: expected [true] but found [false]
	at pageClasses.TempVerifyDetail.verifytempAPIUI(TempVerifyDetail.java:68)
	at stepDefinition.TempVerifyDetailSteps.VerifyTempofBothAPIUI(TempVerifyDetailSteps.java:44)
	at âœ½.Then verify temp of API and UI(src/test/resources/features/WeatherReport.feature:7)
... Removed 20 stack frames]]>
    </failure>
  </testcase> <!-- feature -->
</testsuite> <!-- Amazon -->
